{"/mnt/c/Users/Angelo/Documents/Testing/stevejobs-versioning-1/models/model.js":{"path":"/mnt/c/Users/Angelo/Documents/Testing/stevejobs-versioning-1/models/model.js","s":{"1":1,"2":1,"3":1,"4":1},"b":{},"f":{},"fnMap":{},"statementMap":{"1":{"start":{"line":1,"column":0},"end":{"line":1,"column":35}},"2":{"start":{"line":3,"column":0},"end":{"line":9,"column":3}},"3":{"start":{"line":11,"column":0},"end":{"line":11,"column":51}},"4":{"start":{"line":13,"column":0},"end":{"line":13,"column":22}}},"branchMap":{}},"/mnt/c/Users/Angelo/Documents/Testing/stevejobs-versioning-1/app.js":{"path":"/mnt/c/Users/Angelo/Documents/Testing/stevejobs-versioning-1/app.js","s":{"1":1,"2":1,"3":1,"4":1,"5":1,"6":1,"7":1,"8":1,"9":1,"10":1,"11":0,"12":1,"13":1,"14":1,"15":1,"16":1,"17":1,"18":1,"19":1,"20":1,"21":1,"22":1,"23":1,"24":1,"25":1,"26":1},"b":{"1":[1,0]},"f":{"1":0,"2":1,"3":1,"4":1},"fnMap":{"1":{"name":"(anonymous_1)","line":19,"loc":{"start":{"line":19,"column":15},"end":{"line":19,"column":26}}},"2":{"name":"(anonymous_2)","line":22,"loc":{"start":{"line":22,"column":16},"end":{"line":22,"column":27}}},"3":{"name":"(anonymous_3)","line":34,"loc":{"start":{"line":34,"column":8},"end":{"line":34,"column":33}}},"4":{"name":"(anonymous_4)","line":41,"loc":{"start":{"line":41,"column":8},"end":{"line":41,"column":38}}}},"statementMap":{"1":{"start":{"line":1,"column":0},"end":{"line":1,"column":35}},"2":{"start":{"line":2,"column":0},"end":{"line":2,"column":33}},"3":{"start":{"line":3,"column":0},"end":{"line":3,"column":40}},"4":{"start":{"line":6,"column":0},"end":{"line":6,"column":41}},"5":{"start":{"line":7,"column":0},"end":{"line":7,"column":46}},"6":{"start":{"line":11,"column":0},"end":{"line":11,"column":25}},"7":{"start":{"line":12,"column":0},"end":{"line":12,"column":20}},"8":{"start":{"line":16,"column":0},"end":{"line":16,"column":77}},"9":{"start":{"line":18,"column":0},"end":{"line":18,"column":31}},"10":{"start":{"line":19,"column":0},"end":{"line":21,"column":3}},"11":{"start":{"line":20,"column":2},"end":{"line":20,"column":37}},"12":{"start":{"line":22,"column":0},"end":{"line":26,"column":3}},"13":{"start":{"line":24,"column":4},"end":{"line":24,"column":39}},"14":{"start":{"line":28,"column":0},"end":{"line":28,"column":20}},"15":{"start":{"line":29,"column":0},"end":{"line":29,"column":27}},"16":{"start":{"line":31,"column":0},"end":{"line":31,"column":21}},"17":{"start":{"line":32,"column":0},"end":{"line":32,"column":31}},"18":{"start":{"line":34,"column":0},"end":{"line":38,"column":3}},"19":{"start":{"line":35,"column":2},"end":{"line":35,"column":37}},"20":{"start":{"line":36,"column":2},"end":{"line":36,"column":19}},"21":{"start":{"line":37,"column":2},"end":{"line":37,"column":12}},"22":{"start":{"line":41,"column":0},"end":{"line":44,"column":3}},"23":{"start":{"line":42,"column":2},"end":{"line":43,"column":48}},"24":{"start":{"line":45,"column":0},"end":{"line":45,"column":37}},"25":{"start":{"line":46,"column":0},"end":{"line":46,"column":16}},"26":{"start":{"line":47,"column":0},"end":{"line":47,"column":21}}},"branchMap":{"1":{"line":42,"type":"binary-expr","locations":[{"start":{"line":42,"column":13},"end":{"line":42,"column":23}},{"start":{"line":42,"column":27},"end":{"line":42,"column":30}}]}}},"/mnt/c/Users/Angelo/Documents/Testing/stevejobs-versioning-1/routes/index.js":{"path":"/mnt/c/Users/Angelo/Documents/Testing/stevejobs-versioning-1/routes/index.js","s":{"1":1,"2":1,"3":1,"4":2,"5":1},"b":{},"f":{"1":2},"fnMap":{"1":{"name":"(anonymous_1)","line":5,"loc":{"start":{"line":5,"column":16},"end":{"line":5,"column":41}}}},"statementMap":{"1":{"start":{"line":1,"column":0},"end":{"line":1,"column":35}},"2":{"start":{"line":3,"column":0},"end":{"line":3,"column":32}},"3":{"start":{"line":5,"column":0},"end":{"line":7,"column":3}},"4":{"start":{"line":6,"column":2},"end":{"line":6,"column":47}},"5":{"start":{"line":9,"column":0},"end":{"line":9,"column":24}}},"branchMap":{}},"/mnt/c/Users/Angelo/Documents/Testing/stevejobs-versioning-1/routes/users.js":{"path":"/mnt/c/Users/Angelo/Documents/Testing/stevejobs-versioning-1/routes/users.js","s":{"1":1,"2":1,"3":1,"4":1,"5":1,"6":0,"7":0,"8":0,"9":0,"10":0,"11":1,"12":0,"13":0,"14":0,"15":0,"16":1,"17":0,"18":0,"19":0,"20":0,"21":0,"22":0,"23":1,"24":0,"25":0,"26":0,"27":0,"28":0,"29":0,"30":1,"31":0,"32":0,"33":0,"34":0,"35":0,"36":0,"37":0,"38":0,"39":0,"40":0,"41":0,"42":0,"43":1,"44":0,"45":0,"46":0,"47":0,"48":0,"49":0,"50":0,"51":0,"52":0,"53":1},"b":{"1":[0,0],"2":[0,0],"3":[0,0],"4":[0,0],"5":[0,0],"6":[0,0],"7":[0,0],"8":[0,0],"9":[0,0],"10":[0,0],"11":[0,0],"12":[0,0],"13":[0,0]},"f":{"1":0,"2":0,"3":0,"4":0,"5":0,"6":0,"7":0,"8":0,"9":0,"10":0,"11":0,"12":0,"13":0,"14":0},"fnMap":{"1":{"name":"(anonymous_1)","line":7,"loc":{"start":{"line":7,"column":2},"end":{"line":7,"column":21}}},"2":{"name":"(anonymous_2)","line":9,"loc":{"start":{"line":9,"column":15},"end":{"line":9,"column":29}}},"3":{"name":"(anonymous_3)","line":15,"loc":{"start":{"line":15,"column":18},"end":{"line":15,"column":37}}},"4":{"name":"(anonymous_4)","line":16,"loc":{"start":{"line":16,"column":14},"end":{"line":16,"column":35}}},"5":{"name":"(anonymous_5)","line":22,"loc":{"start":{"line":22,"column":21},"end":{"line":22,"column":40}}},"6":{"name":"(anonymous_6)","line":23,"loc":{"start":{"line":23,"column":39},"end":{"line":23,"column":59}}},"7":{"name":"(anonymous_7)","line":29,"loc":{"start":{"line":29,"column":23},"end":{"line":29,"column":42}}},"8":{"name":"(anonymous_8)","line":30,"loc":{"start":{"line":30,"column":41},"end":{"line":30,"column":61}}},"9":{"name":"(anonymous_9)","line":37,"loc":{"start":{"line":37,"column":21},"end":{"line":37,"column":40}}},"10":{"name":"(anonymous_10)","line":39,"loc":{"start":{"line":39,"column":14},"end":{"line":39,"column":34}}},"11":{"name":"(anonymous_11)","line":49,"loc":{"start":{"line":49,"column":20},"end":{"line":49,"column":34}}},"12":{"name":"(anonymous_12)","line":56,"loc":{"start":{"line":56,"column":24},"end":{"line":56,"column":43}}},"13":{"name":"(anonymous_13)","line":58,"loc":{"start":{"line":58,"column":14},"end":{"line":58,"column":34}}},"14":{"name":"(anonymous_14)","line":61,"loc":{"start":{"line":61,"column":44},"end":{"line":61,"column":58}}}},"statementMap":{"1":{"start":{"line":1,"column":0},"end":{"line":1,"column":35}},"2":{"start":{"line":2,"column":0},"end":{"line":2,"column":32}},"3":{"start":{"line":3,"column":0},"end":{"line":3,"column":38}},"4":{"start":{"line":5,"column":0},"end":{"line":5,"column":51}},"5":{"start":{"line":6,"column":0},"end":{"line":13,"column":3}},"6":{"start":{"line":8,"column":2},"end":{"line":8,"column":37}},"7":{"start":{"line":9,"column":2},"end":{"line":12,"column":5}},"8":{"start":{"line":10,"column":6},"end":{"line":10,"column":57}},"9":{"start":{"line":10,"column":15},"end":{"line":10,"column":57}},"10":{"start":{"line":11,"column":6},"end":{"line":11,"column":36}},"11":{"start":{"line":15,"column":2},"end":{"line":20,"column":5}},"12":{"start":{"line":16,"column":4},"end":{"line":19,"column":7}},"13":{"start":{"line":17,"column":6},"end":{"line":17,"column":57}},"14":{"start":{"line":17,"column":15},"end":{"line":17,"column":57}},"15":{"start":{"line":18,"column":6},"end":{"line":18,"column":22}},"16":{"start":{"line":22,"column":2},"end":{"line":28,"column":5}},"17":{"start":{"line":23,"column":4},"end":{"line":27,"column":7}},"18":{"start":{"line":24,"column":6},"end":{"line":24,"column":57}},"19":{"start":{"line":24,"column":15},"end":{"line":24,"column":57}},"20":{"start":{"line":25,"column":6},"end":{"line":25,"column":78}},"21":{"start":{"line":25,"column":17},"end":{"line":25,"column":78}},"22":{"start":{"line":26,"column":6},"end":{"line":26,"column":21}},"23":{"start":{"line":29,"column":2},"end":{"line":35,"column":5}},"24":{"start":{"line":30,"column":4},"end":{"line":34,"column":7}},"25":{"start":{"line":31,"column":6},"end":{"line":31,"column":57}},"26":{"start":{"line":31,"column":15},"end":{"line":31,"column":57}},"27":{"start":{"line":32,"column":6},"end":{"line":32,"column":78}},"28":{"start":{"line":32,"column":17},"end":{"line":32,"column":78}},"29":{"start":{"line":33,"column":6},"end":{"line":33,"column":21}},"30":{"start":{"line":37,"column":2},"end":{"line":54,"column":5}},"31":{"start":{"line":38,"column":4},"end":{"line":53,"column":11}},"32":{"start":{"line":40,"column":10},"end":{"line":40,"column":61}},"33":{"start":{"line":40,"column":19},"end":{"line":40,"column":61}},"34":{"start":{"line":41,"column":10},"end":{"line":43,"column":11}},"35":{"start":{"line":42,"column":12},"end":{"line":42,"column":73}},"36":{"start":{"line":44,"column":10},"end":{"line":48,"column":11}},"37":{"start":{"line":45,"column":12},"end":{"line":47,"column":13}},"38":{"start":{"line":46,"column":14},"end":{"line":46,"column":40}},"39":{"start":{"line":49,"column":10},"end":{"line":52,"column":13}},"40":{"start":{"line":50,"column":12},"end":{"line":50,"column":63}},"41":{"start":{"line":50,"column":21},"end":{"line":50,"column":63}},"42":{"start":{"line":51,"column":12},"end":{"line":51,"column":27}},"43":{"start":{"line":56,"column":2},"end":{"line":66,"column":5}},"44":{"start":{"line":57,"column":4},"end":{"line":65,"column":11}},"45":{"start":{"line":59,"column":10},"end":{"line":59,"column":61}},"46":{"start":{"line":59,"column":19},"end":{"line":59,"column":61}},"47":{"start":{"line":60,"column":10},"end":{"line":60,"column":82}},"48":{"start":{"line":60,"column":21},"end":{"line":60,"column":82}},"49":{"start":{"line":61,"column":10},"end":{"line":64,"column":13}},"50":{"start":{"line":62,"column":12},"end":{"line":62,"column":63}},"51":{"start":{"line":62,"column":21},"end":{"line":62,"column":63}},"52":{"start":{"line":63,"column":12},"end":{"line":63,"column":66}},"53":{"start":{"line":67,"column":0},"end":{"line":67,"column":24}}},"branchMap":{"1":{"line":10,"type":"if","locations":[{"start":{"line":10,"column":6},"end":{"line":10,"column":6}},{"start":{"line":10,"column":6},"end":{"line":10,"column":6}}]},"2":{"line":17,"type":"if","locations":[{"start":{"line":17,"column":6},"end":{"line":17,"column":6}},{"start":{"line":17,"column":6},"end":{"line":17,"column":6}}]},"3":{"line":24,"type":"if","locations":[{"start":{"line":24,"column":6},"end":{"line":24,"column":6}},{"start":{"line":24,"column":6},"end":{"line":24,"column":6}}]},"4":{"line":25,"type":"if","locations":[{"start":{"line":25,"column":6},"end":{"line":25,"column":6}},{"start":{"line":25,"column":6},"end":{"line":25,"column":6}}]},"5":{"line":31,"type":"if","locations":[{"start":{"line":31,"column":6},"end":{"line":31,"column":6}},{"start":{"line":31,"column":6},"end":{"line":31,"column":6}}]},"6":{"line":32,"type":"if","locations":[{"start":{"line":32,"column":6},"end":{"line":32,"column":6}},{"start":{"line":32,"column":6},"end":{"line":32,"column":6}}]},"7":{"line":40,"type":"if","locations":[{"start":{"line":40,"column":10},"end":{"line":40,"column":10}},{"start":{"line":40,"column":10},"end":{"line":40,"column":10}}]},"8":{"line":41,"type":"if","locations":[{"start":{"line":41,"column":10},"end":{"line":41,"column":10}},{"start":{"line":41,"column":10},"end":{"line":41,"column":10}}]},"9":{"line":45,"type":"if","locations":[{"start":{"line":45,"column":12},"end":{"line":45,"column":12}},{"start":{"line":45,"column":12},"end":{"line":45,"column":12}}]},"10":{"line":50,"type":"if","locations":[{"start":{"line":50,"column":12},"end":{"line":50,"column":12}},{"start":{"line":50,"column":12},"end":{"line":50,"column":12}}]},"11":{"line":59,"type":"if","locations":[{"start":{"line":59,"column":10},"end":{"line":59,"column":10}},{"start":{"line":59,"column":10},"end":{"line":59,"column":10}}]},"12":{"line":60,"type":"if","locations":[{"start":{"line":60,"column":10},"end":{"line":60,"column":10}},{"start":{"line":60,"column":10},"end":{"line":60,"column":10}}]},"13":{"line":62,"type":"if","locations":[{"start":{"line":62,"column":12},"end":{"line":62,"column":12}},{"start":{"line":62,"column":12},"end":{"line":62,"column":12}}]}}}}