TN:
SF:/mnt/c/Users/Angelo/Documents/Testing/stevejobs-versioning-1/models/model.js
FNF:0
FNH:0
DA:1,1
DA:3,1
DA:11,1
DA:13,1
LF:4
LH:4
BRF:0
BRH:0
end_of_record
TN:
SF:/mnt/c/Users/Angelo/Documents/Testing/stevejobs-versioning-1/app.js
FN:19,(anonymous_1)
FN:22,(anonymous_2)
FN:34,(anonymous_3)
FN:41,(anonymous_4)
FNF:4
FNH:3
FNDA:0,(anonymous_1)
FNDA:1,(anonymous_2)
FNDA:1,(anonymous_3)
FNDA:1,(anonymous_4)
DA:1,1
DA:2,1
DA:3,1
DA:6,1
DA:7,1
DA:11,1
DA:12,1
DA:16,1
DA:18,1
DA:19,1
DA:20,0
DA:22,1
DA:24,1
DA:28,1
DA:29,1
DA:31,1
DA:32,1
DA:34,1
DA:35,1
DA:36,1
DA:37,1
DA:41,1
DA:42,1
DA:45,1
DA:46,1
DA:47,1
LF:26
LH:25
BRDA:42,1,0,1
BRDA:42,1,1,0
BRF:2
BRH:1
end_of_record
TN:
SF:/mnt/c/Users/Angelo/Documents/Testing/stevejobs-versioning-1/routes/index.js
FN:5,(anonymous_1)
FNF:1
FNH:1
FNDA:2,(anonymous_1)
DA:1,1
DA:3,1
DA:5,1
DA:6,2
DA:9,1
LF:5
LH:5
BRF:0
BRH:0
end_of_record
TN:
SF:/mnt/c/Users/Angelo/Documents/Testing/stevejobs-versioning-1/routes/users.js
FN:7,(anonymous_1)
FN:9,(anonymous_2)
FN:15,(anonymous_3)
FN:16,(anonymous_4)
FN:22,(anonymous_5)
FN:23,(anonymous_6)
FN:29,(anonymous_7)
FN:30,(anonymous_8)
FN:37,(anonymous_9)
FN:39,(anonymous_10)
FN:49,(anonymous_11)
FN:56,(anonymous_12)
FN:58,(anonymous_13)
FN:61,(anonymous_14)
FNF:14
FNH:0
FNDA:0,(anonymous_1)
FNDA:0,(anonymous_2)
FNDA:0,(anonymous_3)
FNDA:0,(anonymous_4)
FNDA:0,(anonymous_5)
FNDA:0,(anonymous_6)
FNDA:0,(anonymous_7)
FNDA:0,(anonymous_8)
FNDA:0,(anonymous_9)
FNDA:0,(anonymous_10)
FNDA:0,(anonymous_11)
FNDA:0,(anonymous_12)
FNDA:0,(anonymous_13)
FNDA:0,(anonymous_14)
DA:1,1
DA:2,1
DA:3,1
DA:5,1
DA:6,1
DA:8,0
DA:9,0
DA:10,0
DA:11,0
DA:15,1
DA:16,0
DA:17,0
DA:18,0
DA:22,1
DA:23,0
DA:24,0
DA:25,0
DA:26,0
DA:29,1
DA:30,0
DA:31,0
DA:32,0
DA:33,0
DA:37,1
DA:38,0
DA:40,0
DA:41,0
DA:42,0
DA:44,0
DA:45,0
DA:46,0
DA:49,0
DA:50,0
DA:51,0
DA:56,1
DA:57,0
DA:59,0
DA:60,0
DA:61,0
DA:62,0
DA:63,0
DA:67,1
LF:42
LH:11
BRDA:10,1,0,0
BRDA:10,1,1,0
BRDA:17,2,0,0
BRDA:17,2,1,0
BRDA:24,3,0,0
BRDA:24,3,1,0
BRDA:25,4,0,0
BRDA:25,4,1,0
BRDA:31,5,0,0
BRDA:31,5,1,0
BRDA:32,6,0,0
BRDA:32,6,1,0
BRDA:40,7,0,0
BRDA:40,7,1,0
BRDA:41,8,0,0
BRDA:41,8,1,0
BRDA:45,9,0,0
BRDA:45,9,1,0
BRDA:50,10,0,0
BRDA:50,10,1,0
BRDA:59,11,0,0
BRDA:59,11,1,0
BRDA:60,12,0,0
BRDA:60,12,1,0
BRDA:62,13,0,0
BRDA:62,13,1,0
BRF:26
BRH:0
end_of_record
